<?xml version="1.0" encoding="UTF-8"?>
<!-- Generated by org.testng.reporters.JUnitReportReporter -->
<testsuite hostname="LAPTOP-ATNFO35U" failures="0" tests="2" name="com.fb.test.ProfilePageTest" time="21.783" errors="0" timestamp="16 Feb 2023 10:25:47 GMT" skipped="0">
  <testcase classname="com.fb.test.ProfilePageTest" name="verifyProfilePageTitleTest" time="8.146"/>
  <testcase classname="com.fb.test.ProfilePageTest" name="verifyAddStoryTest" time="13.637"/>
</testsuite> <!-- com.fb.test.ProfilePageTest -->
