<?xml version="1.0" encoding="UTF-8"?>
<!-- Generated by org.testng.reporters.JUnitReportReporter -->
<testsuite hostname="LAPTOP-ATNFO35U" failures="0" tests="2" name="com.fb.test.ProfilePageTest" time="23.837" errors="0" timestamp="20 Feb 2023 07:40:40 GMT" skipped="0">
  <testcase classname="com.fb.test.ProfilePageTest" name="verifyProfilePageTitleTest" time="11.597"/>
  <testcase classname="com.fb.test.ProfilePageTest" name="verifyAddStoryTest" time="12.240"/>
</testsuite> <!-- com.fb.test.ProfilePageTest -->
