<?xml version="1.0" encoding="UTF-8"?>
<!-- Generated by org.testng.reporters.JUnitReportReporter -->
<testsuite hostname="LAPTOP-ATNFO35U" failures="0" tests="2" name="com.fb.test.LoginPageTest" time="11.965" errors="0" timestamp="20 Feb 2023 07:40:40 GMT" skipped="0">
  <testcase classname="com.fb.test.LoginPageTest" name="loginPageTitleTest" time="3.231"/>
  <testcase classname="com.fb.test.LoginPageTest" name="loginTest" time="8.734"/>
</testsuite> <!-- com.fb.test.LoginPageTest -->
