<?xml version="1.0" encoding="UTF-8"?>
<!-- Generated by org.testng.reporters.JUnitReportReporter -->
<testsuite hostname="LAPTOP-ATNFO35U" failures="0" tests="1" name="com.fb.listeners.ScreenShotTest" time="3.723" errors="0" timestamp="20 Feb 2023 07:40:40 GMT" skipped="0">
  <testcase classname="com.fb.listeners.ScreenShotTest" name="loginPageTitleTest" time="3.723"/>
</testsuite> <!-- com.fb.listeners.ScreenShotTest -->
