<?xml version="1.0" encoding="UTF-8"?>
<!-- Generated by org.testng.reporters.JUnitReportReporter -->
<testsuite hostname="LAPTOP-ATNFO35U" failures="0" tests="2" name="com.fb.test.LoginPageTest" time="11.829" errors="0" timestamp="16 Feb 2023 10:25:47 GMT" skipped="0">
  <testcase classname="com.fb.test.LoginPageTest" name="loginPageTitleTest" time="3.262"/>
  <testcase classname="com.fb.test.LoginPageTest" name="loginTest" time="8.567"/>
</testsuite> <!-- com.fb.test.LoginPageTest -->
