<?xml version="1.0" encoding="UTF-8"?>
<!-- Generated by org.testng.reporters.JUnitReportReporter -->
<testsuite hostname="LAPTOP-ATNFO35U" failures="0" tests="4" name="com.fb.test.LoginPageDataTest" time="18.233" errors="0" timestamp="17 Feb 2023 06:37:29 GMT" skipped="0">
  <testcase classname="com.fb.test.LoginPageDataTest" name="multipleUsersLoginTest" time="3.119"/>
  <testcase classname="com.fb.test.LoginPageDataTest" name="multipleUsersLoginTest" time="3.938"/>
  <testcase classname="com.fb.test.LoginPageDataTest" name="multipleUsersLoginTest" time="6.788"/>
  <testcase classname="com.fb.test.LoginPageDataTest" name="multipleUsersLoginTest" time="4.388"/>
</testsuite> <!-- com.fb.test.LoginPageDataTest -->
